<?xml version="1.0" encoding="UTF-8"?>
<!-- Generated by org.testng.reporters.JUnitReportReporter -->
<testsuite hostname="PRASAD" failures="0" tests="1" name="testCases.verifylogin" time="7.987" errors="0" timestamp="2023-02-15T01:02:22 IST" skipped="0">
  <testcase classname="testCases.verifylogin" name="login" time="7.987"/>
  <system-out/>
</testsuite> <!-- testCases.verifylogin -->
