<?xml version="1.0" encoding="UTF-8"?>
<!-- Generated by org.testng.reporters.JUnitReportReporter -->
<testsuite hostname="PRASAD" failures="0" tests="1" name="testCases.verifylogin" time="7.601" errors="0" timestamp="2023-02-18T02:39:29 IST" skipped="0">
  <testcase classname="testCases.verifylogin" name="login" time="7.601"/>
  <system-out/>
</testsuite> <!-- testCases.verifylogin -->
