<?xml version="1.0" encoding="UTF-8"?>
<!-- Generated by org.testng.reporters.JUnitReportReporter -->
<testsuite hostname="PRASAD" failures="0" tests="1" name="testCases.verifySignup" time="10.613" errors="0" timestamp="2023-02-18T02:39:29 IST" skipped="0">
  <testcase classname="testCases.verifySignup" name="signup" time="10.613"/>
  <system-out/>
</testsuite> <!-- testCases.verifySignup -->
